<?xml version="1.0" encoding="UTF-8"?>
<!-- Generated by org.testng.reporters.JUnitXMLReporter -->
<testsuite hostname="LAPTOP-1F0JMU93" ignored="0" name="C23889_NonMemberUserNeedToKnowMaxAndMinCreditLimit" tests="1" failures="0" timestamp="13 Jan 2020 17:52:25 GMT" time="33.933" errors="0">
  <testcase name="C23889_NonMemberUserNeedToKnowMaxAndMinCreditLimit" time="24.805" classname="CreditCard.C23889_NonMemberUserNeedToKnowMaxAndMinCreditLimit"/>
</testsuite> <!-- C23889_NonMemberUserNeedToKnowMaxAndMinCreditLimit -->
