<?xml version="1.0" encoding="UTF-8"?>
<testng-results skipped="0" failed="0" ignored="0" total="1" passed="1">
  <reporter-output>
  </reporter-output>
  <suite name="Default suite" duration-ms="149381" started-at="2019-11-08T16:19:43Z" finished-at="2019-11-08T16:22:13Z">
    <groups>
    </groups>
    <test name="Default test" duration-ms="149381" started-at="2019-11-08T16:19:43Z" finished-at="2019-11-08T16:22:13Z">
      <class name="Settings.C24231_VerifyAddressChangeOption">
        <test-method status="PASS" signature="setUp()[pri:0, instance:Settings.C24231_VerifyAddressChangeOption@438a68]" name="setUp" is-config="true" duration-ms="83768" started-at="2019-11-08T16:19:44Z" finished-at="2019-11-08T16:21:07Z">
          <reporter-output>
          </reporter-output>
        </test-method> <!-- setUp -->
        <test-method status="PASS" signature="C24231_VerifyAddressChangeOption()[pri:0, instance:Settings.C24231_VerifyAddressChangeOption@438a68]" name="C24231_VerifyAddressChangeOption" duration-ms="57080" started-at="2019-11-08T16:21:07Z" finished-at="2019-11-08T16:22:04Z">
          <reporter-output>
          </reporter-output>
        </test-method> <!-- C24231_VerifyAddressChangeOption -->
        <test-method status="PASS" signature="afterMethod(org.testng.ITestResult)[pri:0, instance:Settings.C24231_VerifyAddressChangeOption@438a68]" name="afterMethod" is-config="true" duration-ms="4" started-at="2019-11-08T16:22:04Z" finished-at="2019-11-08T16:22:04Z">
          <params>
            <param index="0">
              <value>
                <![CDATA[[TestResult name=C24231_VerifyAddressChangeOption status=SUCCESS method=C24231_VerifyAddressChangeOption.C24231_VerifyAddressChangeOption()[pri:0, instance:Settings.C24231_VerifyAddressChangeOption@438a68] output={null}]]]>
              </value>
            </param>
          </params>
          <reporter-output>
          </reporter-output>
        </test-method> <!-- afterMethod -->
        <test-method status="PASS" signature="tearDown()[pri:0, instance:Settings.C24231_VerifyAddressChangeOption@438a68]" name="tearDown" is-config="true" duration-ms="8472" started-at="2019-11-08T16:22:04Z" finished-at="2019-11-08T16:22:13Z">
          <reporter-output>
          </reporter-output>
        </test-method> <!-- tearDown -->
      </class> <!-- Settings.C24231_VerifyAddressChangeOption -->
    </test> <!-- Default test -->
  </suite> <!-- Default suite -->
</testng-results>
