<?xml version="1.0" encoding="UTF-8"?>
<testng-results skipped="0" failed="0" ignored="0" total="1" passed="1">
  <reporter-output>
  </reporter-output>
  <suite name="Default suite" duration-ms="575773" started-at="2019-10-04T16:48:51Z" finished-at="2019-10-04T16:58:27Z">
    <groups>
    </groups>
    <test name="Default test" duration-ms="575773" started-at="2019-10-04T16:48:51Z" finished-at="2019-10-04T16:58:27Z">
      <class name="Services.C23631_VerifyMultipleCheckStopPaymentCreation">
        <test-method status="PASS" signature="setUp()[pri:0, instance:Services.C23631_VerifyMultipleCheckStopPaymentCreation@438a68]" name="setUp" is-config="true" duration-ms="59810" started-at="2019-10-04T16:48:51Z" finished-at="2019-10-04T16:49:51Z">
          <reporter-output>
          </reporter-output>
        </test-method> <!-- setUp -->
        <test-method status="PASS" signature="C23631_VerifyMultipleCheckStopPaymentCreation()[pri:0, instance:Services.C23631_VerifyMultipleCheckStopPaymentCreation@438a68]" name="C23631_VerifyMultipleCheckStopPaymentCreation" duration-ms="505467" started-at="2019-10-04T16:49:51Z" finished-at="2019-10-04T16:58:17Z">
          <reporter-output>
          </reporter-output>
        </test-method> <!-- C23631_VerifyMultipleCheckStopPaymentCreation -->
        <test-method status="PASS" signature="afterMethod(org.testng.ITestResult)[pri:0, instance:Services.C23631_VerifyMultipleCheckStopPaymentCreation@438a68]" name="afterMethod" is-config="true" duration-ms="13" started-at="2019-10-04T16:58:17Z" finished-at="2019-10-04T16:58:17Z">
          <params>
            <param index="0">
              <value>
                <![CDATA[[TestResult name=C23631_VerifyMultipleCheckStopPaymentCreation status=SUCCESS method=C23631_VerifyMultipleCheckStopPaymentCreation.C23631_VerifyMultipleCheckStopPaymentCreation()[pri:0, instance:Services.C23631_VerifyMultipleCheckStopPaymentCreation@438a68] output={null}]]]>
              </value>
            </param>
          </params>
          <reporter-output>
          </reporter-output>
        </test-method> <!-- afterMethod -->
        <test-method status="PASS" signature="tearDown()[pri:0, instance:Services.C23631_VerifyMultipleCheckStopPaymentCreation@438a68]" name="tearDown" is-config="true" duration-ms="10324" started-at="2019-10-04T16:58:17Z" finished-at="2019-10-04T16:58:27Z">
          <reporter-output>
          </reporter-output>
        </test-method> <!-- tearDown -->
      </class> <!-- Services.C23631_VerifyMultipleCheckStopPaymentCreation -->
    </test> <!-- Default test -->
  </suite> <!-- Default suite -->
</testng-results>
