<?xml version="1.0" encoding="UTF-8"?>
<testng-results skipped="0" failed="0" ignored="0" total="1" passed="1">
  <reporter-output>
  </reporter-output>
  <suite name="Default suite" duration-ms="63992" started-at="2019-12-17T18:13:01Z" finished-at="2019-12-17T18:14:05Z">
    <groups>
    </groups>
    <test name="Default test" duration-ms="63992" started-at="2019-12-17T18:13:01Z" finished-at="2019-12-17T18:14:05Z">
      <class name="Make_A_Payment.C23498_VerifyMakeConsumerLoanPayment">
        <test-method status="PASS" signature="setUp()[pri:0, instance:Make_A_Payment.C23498_VerifyMakeConsumerLoanPayment@100d6b1]" name="setUp" is-config="true" duration-ms="22962" started-at="2019-12-17T18:13:01Z" finished-at="2019-12-17T18:13:24Z">
          <reporter-output>
          </reporter-output>
        </test-method> <!-- setUp -->
        <test-method status="PASS" signature="C23498_VerifyMakeConsumerLoanPayment()[pri:0, instance:Make_A_Payment.C23498_VerifyMakeConsumerLoanPayment@100d6b1]" name="C23498_VerifyMakeConsumerLoanPayment" duration-ms="39369" started-at="2019-12-17T18:13:24Z" finished-at="2019-12-17T18:14:03Z">
          <reporter-output>
          </reporter-output>
        </test-method> <!-- C23498_VerifyMakeConsumerLoanPayment -->
        <test-method status="PASS" signature="afterMethod(org.testng.ITestResult)[pri:0, instance:Make_A_Payment.C23498_VerifyMakeConsumerLoanPayment@100d6b1]" name="afterMethod" is-config="true" duration-ms="2" started-at="2019-12-17T18:14:03Z" finished-at="2019-12-17T18:14:03Z">
          <params>
            <param index="0">
              <value>
                <![CDATA[[TestResult name=C23498_VerifyMakeConsumerLoanPayment status=SUCCESS method=C23498_VerifyMakeConsumerLoanPayment.C23498_VerifyMakeConsumerLoanPayment()[pri:0, instance:Make_A_Payment.C23498_VerifyMakeConsumerLoanPayment@100d6b1] output={null}]]]>
              </value>
            </param>
          </params>
          <reporter-output>
          </reporter-output>
        </test-method> <!-- afterMethod -->
        <test-method status="PASS" signature="tearDown()[pri:0, instance:Make_A_Payment.C23498_VerifyMakeConsumerLoanPayment@100d6b1]" name="tearDown" is-config="true" duration-ms="1575" started-at="2019-12-17T18:14:03Z" finished-at="2019-12-17T18:14:05Z">
          <reporter-output>
          </reporter-output>
        </test-method> <!-- tearDown -->
      </class> <!-- Make_A_Payment.C23498_VerifyMakeConsumerLoanPayment -->
    </test> <!-- Default test -->
  </suite> <!-- Default suite -->
</testng-results>
