<?xml version="1.0" encoding="UTF-8"?>
<testng-results skipped="0" failed="0" ignored="0" total="1" passed="1">
  <reporter-output>
  </reporter-output>
  <suite name="Default suite" duration-ms="18162" started-at="2019-07-17T13:27:28Z" finished-at="2019-07-17T13:27:46Z">
    <groups>
    </groups>
    <test name="Default test" duration-ms="18162" started-at="2019-07-17T13:27:28Z" finished-at="2019-07-17T13:27:46Z">
      <class name="com.testcases.VerifyUserEnrollInValidData">
        <test-method status="PASS" signature="setUp()[pri:0, instance:com.testcases.VerifyUserEnrollInValidData@17d0008]" name="setUp" is-config="true" duration-ms="11775" started-at="2019-07-17T13:27:28Z" finished-at="2019-07-17T13:27:40Z">
          <reporter-output>
          </reporter-output>
        </test-method> <!-- setUp -->
        <test-method status="PASS" signature="VerifyUserEnrollInValidData()[pri:0, instance:com.testcases.VerifyUserEnrollInValidData@17d0008]" name="VerifyUserEnrollInValidData" duration-ms="5090" started-at="2019-07-17T13:27:40Z" finished-at="2019-07-17T13:27:45Z">
          <reporter-output>
          </reporter-output>
        </test-method> <!-- VerifyUserEnrollInValidData -->
        <test-method status="PASS" signature="afterMethod(org.testng.ITestResult)[pri:0, instance:com.testcases.VerifyUserEnrollInValidData@17d0008]" name="afterMethod" is-config="true" duration-ms="2" started-at="2019-07-17T13:27:45Z" finished-at="2019-07-17T13:27:45Z">
          <params>
            <param index="0">
              <value>
                <![CDATA[[TestResult name=VerifyUserEnrollInValidData status=SUCCESS method=VerifyUserEnrollInValidData.VerifyUserEnrollInValidData()[pri:0, instance:com.testcases.VerifyUserEnrollInValidData@17d0008] output={null}]]]>
              </value>
            </param>
          </params>
          <reporter-output>
          </reporter-output>
        </test-method> <!-- afterMethod -->
        <test-method status="PASS" signature="tearDown()[pri:0, instance:com.testcases.VerifyUserEnrollInValidData@17d0008]" name="tearDown" is-config="true" duration-ms="1271" started-at="2019-07-17T13:27:45Z" finished-at="2019-07-17T13:27:46Z">
          <reporter-output>
          </reporter-output>
        </test-method> <!-- tearDown -->
      </class> <!-- com.testcases.VerifyUserEnrollInValidData -->
    </test> <!-- Default test -->
  </suite> <!-- Default suite -->
</testng-results>
