<?xml version="1.0" encoding="UTF-8"?>
<!-- Generated by org.testng.reporters.JUnitXMLReporter -->
<testsuite hostname="LAPTOP-1F0JMU93" ignored="0" name="TDB2424_VerifySourceOptionsAddFundingAccount" tests="1" failures="0" timestamp="16 Apr 2019 13:46:30 GMT" time="26.638" errors="0">
  <testcase name="TDB2424_VerifySourceOptionsAddFundingAccount" time="13.694" classname="com.TestCases.TDB2424_VerifySourceOptionsAddFundingAccount"/>
</testsuite> <!-- TDB2424_VerifySourceOptionsAddFundingAccount -->
