<?xml version="1.0" encoding="UTF-8"?>
<testng-results skipped="0" failed="0" ignored="0" total="1" passed="1">
  <reporter-output>
  </reporter-output>
  <suite name="Default suite" duration-ms="14154" started-at="2020-03-12T13:27:49Z" finished-at="2020-03-12T13:28:03Z">
    <groups>
    </groups>
    <test name="Default test" duration-ms="14154" started-at="2020-03-12T13:27:49Z" finished-at="2020-03-12T13:28:03Z">
      <class name="HomePage.C26855_VerifyLoanCreditCardCriteriaDetails">
        <test-method status="PASS" signature="setUp()[pri:0, instance:HomePage.C26855_VerifyLoanCreditCardCriteriaDetails@59ec2012]" name="setUp" is-config="true" duration-ms="13006" started-at="2020-03-12T13:27:49Z" finished-at="2020-03-12T13:28:02Z">
          <reporter-output>
          </reporter-output>
        </test-method> <!-- setUp -->
        <test-method status="PASS" signature="C26855_VerifyLoanCreditCardCriteriaDetails()[pri:0, instance:HomePage.C26855_VerifyLoanCreditCardCriteriaDetails@59ec2012]" name="C26855_VerifyLoanCreditCardCriteriaDetails" duration-ms="246" started-at="2020-03-12T13:28:02Z" finished-at="2020-03-12T13:28:02Z">
          <reporter-output>
          </reporter-output>
        </test-method> <!-- C26855_VerifyLoanCreditCardCriteriaDetails -->
        <test-method status="PASS" signature="afterMethod(org.testng.ITestResult)[pri:0, instance:HomePage.C26855_VerifyLoanCreditCardCriteriaDetails@59ec2012]" name="afterMethod" is-config="true" duration-ms="2" started-at="2020-03-12T13:28:02Z" finished-at="2020-03-12T13:28:02Z">
          <params>
            <param index="0">
              <value>
                <![CDATA[[TestResult name=C26855_VerifyLoanCreditCardCriteriaDetails status=SUCCESS method=C26855_VerifyLoanCreditCardCriteriaDetails.C26855_VerifyLoanCreditCardCriteriaDetails()[pri:0, instance:HomePage.C26855_VerifyLoanCreditCardCriteriaDetails@59ec2012] output={null}]]]>
              </value>
            </param>
          </params>
          <reporter-output>
          </reporter-output>
        </test-method> <!-- afterMethod -->
        <test-method status="PASS" signature="tearDown()[pri:0, instance:HomePage.C26855_VerifyLoanCreditCardCriteriaDetails@59ec2012]" name="tearDown" is-config="true" duration-ms="879" started-at="2020-03-12T13:28:02Z" finished-at="2020-03-12T13:28:03Z">
          <reporter-output>
          </reporter-output>
        </test-method> <!-- tearDown -->
      </class> <!-- HomePage.C26855_VerifyLoanCreditCardCriteriaDetails -->
    </test> <!-- Default test -->
  </suite> <!-- Default suite -->
</testng-results>
