<?xml version="1.0" encoding="UTF-8"?>
<testng-results skipped="0" failed="0" ignored="0" total="1" passed="1">
  <reporter-output>
  </reporter-output>
  <suite name="Default suite" duration-ms="99194" started-at="2020-02-07T19:19:44Z" finished-at="2020-02-07T19:21:23Z">
    <groups>
    </groups>
    <test name="Default test" duration-ms="99194" started-at="2020-02-07T19:19:44Z" finished-at="2020-02-07T19:21:23Z">
      <class name="com.testcases.C24086_VerifyPrimaryApplicantPage">
        <test-method status="PASS" signature="setUp()[pri:0, instance:com.testcases.C24086_VerifyPrimaryApplicantPage@1686d1f]" name="setUp" is-config="true" duration-ms="16768" started-at="2020-02-07T19:19:44Z" finished-at="2020-02-07T19:20:00Z">
          <reporter-output>
          </reporter-output>
        </test-method> <!-- setUp -->
        <test-method status="PASS" signature="C24086_VerifyPrimaryApplicantPage()[pri:0, instance:com.testcases.C24086_VerifyPrimaryApplicantPage@1686d1f]" name="C24086_VerifyPrimaryApplicantPage" duration-ms="81070" started-at="2020-02-07T19:20:00Z" finished-at="2020-02-07T19:21:22Z">
          <reporter-output>
          </reporter-output>
        </test-method> <!-- C24086_VerifyPrimaryApplicantPage -->
        <test-method status="PASS" signature="afterMethod(org.testng.ITestResult)[pri:0, instance:com.testcases.C24086_VerifyPrimaryApplicantPage@1686d1f]" name="afterMethod" is-config="true" duration-ms="2" started-at="2020-02-07T19:21:22Z" finished-at="2020-02-07T19:21:22Z">
          <params>
            <param index="0">
              <value>
                <![CDATA[[TestResult name=C24086_VerifyPrimaryApplicantPage status=SUCCESS method=C24086_VerifyPrimaryApplicantPage.C24086_VerifyPrimaryApplicantPage()[pri:0, instance:com.testcases.C24086_VerifyPrimaryApplicantPage@1686d1f] output={null}]]]>
              </value>
            </param>
          </params>
          <reporter-output>
          </reporter-output>
        </test-method> <!-- afterMethod -->
        <test-method status="PASS" signature="tearDown()[pri:0, instance:com.testcases.C24086_VerifyPrimaryApplicantPage@1686d1f]" name="tearDown" is-config="true" duration-ms="1328" started-at="2020-02-07T19:21:22Z" finished-at="2020-02-07T19:21:23Z">
          <reporter-output>
          </reporter-output>
        </test-method> <!-- tearDown -->
      </class> <!-- com.testcases.C24086_VerifyPrimaryApplicantPage -->
    </test> <!-- Default test -->
  </suite> <!-- Default suite -->
</testng-results>
