<?xml version="1.0" encoding="UTF-8"?>
<testng-results skipped="0" failed="0" ignored="0" total="1" passed="1">
  <reporter-output>
  </reporter-output>
  <suite name="Default suite" duration-ms="88336" started-at="2019-12-20T19:51:43Z" finished-at="2019-12-20T19:53:11Z">
    <groups>
    </groups>
    <test name="Default test" duration-ms="88336" started-at="2019-12-20T19:51:43Z" finished-at="2019-12-20T19:53:11Z">
      <class name="JointOwser_Beneficiaries.C23945_NonMemberUserCanAddMultipleBeneficiariesToTheApplicationForm">
        <test-method status="PASS" signature="setUp()[pri:0, instance:JointOwser_Beneficiaries.C23945_NonMemberUserCanAddMultipleBeneficiariesToTheApplicationForm@13ad2d6]" name="setUp" is-config="true" duration-ms="11995" started-at="2019-12-20T19:51:43Z" finished-at="2019-12-20T19:51:55Z">
          <reporter-output>
          </reporter-output>
        </test-method> <!-- setUp -->
        <test-method status="PASS" signature="C23945_NonMemberUserCanAddMultipleBeneficiariesToTheApplicationForm()[pri:0, instance:JointOwser_Beneficiaries.C23945_NonMemberUserCanAddMultipleBeneficiariesToTheApplicationForm@13ad2d6]" name="C23945_NonMemberUserCanAddMultipleBeneficiariesToTheApplicationForm" duration-ms="74711" started-at="2019-12-20T19:51:55Z" finished-at="2019-12-20T19:53:10Z">
          <reporter-output>
          </reporter-output>
        </test-method> <!-- C23945_NonMemberUserCanAddMultipleBeneficiariesToTheApplicationForm -->
        <test-method status="PASS" signature="afterMethod(org.testng.ITestResult)[pri:0, instance:JointOwser_Beneficiaries.C23945_NonMemberUserCanAddMultipleBeneficiariesToTheApplicationForm@13ad2d6]" name="afterMethod" is-config="true" duration-ms="2" started-at="2019-12-20T19:53:10Z" finished-at="2019-12-20T19:53:10Z">
          <params>
            <param index="0">
              <value>
                <![CDATA[[TestResult name=C23945_NonMemberUserCanAddMultipleBeneficiariesToTheApplicationForm status=SUCCESS method=C23945_NonMemberUserCanAddMultipleBeneficiariesToTheApplicationForm.C23945_NonMemberUserCanAddMultipleBeneficiariesToTheApplicationForm()[pri:0, instance:JointOwser_Beneficiaries.C23945_NonMemberUserCanAddMultipleBeneficiariesToTheApplicationForm@13ad2d6] output={null}]]]>
              </value>
            </param>
          </params>
          <reporter-output>
          </reporter-output>
        </test-method> <!-- afterMethod -->
        <test-method status="PASS" signature="tearDown()[pri:0, instance:JointOwser_Beneficiaries.C23945_NonMemberUserCanAddMultipleBeneficiariesToTheApplicationForm@13ad2d6]" name="tearDown" is-config="true" duration-ms="1598" started-at="2019-12-20T19:53:10Z" finished-at="2019-12-20T19:53:11Z">
          <reporter-output>
          </reporter-output>
        </test-method> <!-- tearDown -->
      </class> <!-- JointOwser_Beneficiaries.C23945_NonMemberUserCanAddMultipleBeneficiariesToTheApplicationForm -->
    </test> <!-- Default test -->
  </suite> <!-- Default suite -->
</testng-results>
