<?xml version="1.0" encoding="UTF-8"?>
<testng-results skipped="0" failed="0" ignored="0" total="4" passed="4">
  <reporter-output>
  </reporter-output>
  <suite name="Credit Card" duration-ms="196768" started-at="2020-01-13T17:49:53Z" finished-at="2020-01-13T17:53:10Z">
    <groups>
    </groups>
    <test name="C24265_VerifyAgreementsandDisclosures" duration-ms="82487" started-at="2020-01-13T17:49:53Z" finished-at="2020-01-13T17:51:16Z">
      <class name="CreditCard.C23838_NonMemberChangeSelectedCreditCardOption">
        <test-method status="PASS" signature="setUp()[pri:0, instance:CreditCard.C23838_NonMemberChangeSelectedCreditCardOption@13ad2d6]" name="setUp" is-config="true" duration-ms="17334" started-at="2020-01-13T17:49:53Z" finished-at="2020-01-13T17:50:10Z">
          <reporter-output>
          </reporter-output>
        </test-method> <!-- setUp -->
        <test-method status="PASS" signature="C23838_NonMemberChangeSelectedCreditCardOption()[pri:0, instance:CreditCard.C23838_NonMemberChangeSelectedCreditCardOption@13ad2d6]" name="C23838_NonMemberChangeSelectedCreditCardOption" duration-ms="63712" started-at="2020-01-13T17:50:10Z" finished-at="2020-01-13T17:51:14Z">
          <reporter-output>
          </reporter-output>
        </test-method> <!-- C23838_NonMemberChangeSelectedCreditCardOption -->
        <test-method status="PASS" signature="afterMethod(org.testng.ITestResult)[pri:0, instance:CreditCard.C23838_NonMemberChangeSelectedCreditCardOption@13ad2d6]" name="afterMethod" is-config="true" duration-ms="3" started-at="2020-01-13T17:51:14Z" finished-at="2020-01-13T17:51:14Z">
          <params>
            <param index="0">
              <value>
                <![CDATA[[TestResult name=C23838_NonMemberChangeSelectedCreditCardOption status=SUCCESS method=C23838_NonMemberChangeSelectedCreditCardOption.C23838_NonMemberChangeSelectedCreditCardOption()[pri:0, instance:CreditCard.C23838_NonMemberChangeSelectedCreditCardOption@13ad2d6] output={null}]]]>
              </value>
            </param>
          </params>
          <reporter-output>
          </reporter-output>
        </test-method> <!-- afterMethod -->
        <test-method status="PASS" signature="tearDown()[pri:0, instance:CreditCard.C23838_NonMemberChangeSelectedCreditCardOption@13ad2d6]" name="tearDown" is-config="true" duration-ms="1387" started-at="2020-01-13T17:51:14Z" finished-at="2020-01-13T17:51:16Z">
          <reporter-output>
          </reporter-output>
        </test-method> <!-- tearDown -->
      </class> <!-- CreditCard.C23838_NonMemberChangeSelectedCreditCardOption -->
    </test> <!-- C24265_VerifyAgreementsandDisclosures -->
    <test name="C23843_NonMemberCreditCardtLimit" duration-ms="35894" started-at="2020-01-13T17:51:16Z" finished-at="2020-01-13T17:51:51Z">
      <class name="CreditCard.C23843_NonMemberCreditCardtLimit">
        <test-method status="PASS" signature="setUp()[pri:0, instance:CreditCard.C23843_NonMemberCreditCardtLimit@8080bb]" name="setUp" is-config="true" duration-ms="9484" started-at="2020-01-13T17:51:16Z" finished-at="2020-01-13T17:51:25Z">
          <reporter-output>
          </reporter-output>
        </test-method> <!-- setUp -->
        <test-method status="PASS" signature="C23843_VerifyUserCanEnterAmmountToRequestCreditLimit()[pri:0, instance:CreditCard.C23843_NonMemberCreditCardtLimit@8080bb]" name="C23843_VerifyUserCanEnterAmmountToRequestCreditLimit" duration-ms="25303" started-at="2020-01-13T17:51:25Z" finished-at="2020-01-13T17:51:50Z">
          <reporter-output>
          </reporter-output>
        </test-method> <!-- C23843_VerifyUserCanEnterAmmountToRequestCreditLimit -->
        <test-method status="PASS" signature="afterMethod(org.testng.ITestResult)[pri:0, instance:CreditCard.C23843_NonMemberCreditCardtLimit@8080bb]" name="afterMethod" is-config="true" duration-ms="1" started-at="2020-01-13T17:51:50Z" finished-at="2020-01-13T17:51:50Z">
          <params>
            <param index="0">
              <value>
                <![CDATA[[TestResult name=C23843_VerifyUserCanEnterAmmountToRequestCreditLimit status=SUCCESS method=C23843_NonMemberCreditCardtLimit.C23843_VerifyUserCanEnterAmmountToRequestCreditLimit()[pri:0, instance:CreditCard.C23843_NonMemberCreditCardtLimit@8080bb] output={null}]]]>
              </value>
            </param>
          </params>
          <reporter-output>
          </reporter-output>
        </test-method> <!-- afterMethod -->
        <test-method status="PASS" signature="tearDown()[pri:0, instance:CreditCard.C23843_NonMemberCreditCardtLimit@8080bb]" name="tearDown" is-config="true" duration-ms="1104" started-at="2020-01-13T17:51:50Z" finished-at="2020-01-13T17:51:51Z">
          <reporter-output>
          </reporter-output>
        </test-method> <!-- tearDown -->
      </class> <!-- CreditCard.C23843_NonMemberCreditCardtLimit -->
    </test> <!-- C23843_NonMemberCreditCardtLimit -->
    <test name="C23889_NonMemberUserNeedToKnowMaxAndMinCreditLimit" duration-ms="33933" started-at="2020-01-13T17:51:52Z" finished-at="2020-01-13T17:52:25Z">
      <class name="CreditCard.C23889_NonMemberUserNeedToKnowMaxAndMinCreditLimit">
        <test-method status="PASS" signature="setUp()[pri:0, instance:CreditCard.C23889_NonMemberUserNeedToKnowMaxAndMinCreditLimit@38ae61]" name="setUp" is-config="true" duration-ms="8051" started-at="2020-01-13T17:51:52Z" finished-at="2020-01-13T17:52:00Z">
          <reporter-output>
          </reporter-output>
        </test-method> <!-- setUp -->
        <test-method status="PASS" signature="C23889_NonMemberUserNeedToKnowMaxAndMinCreditLimit()[pri:0, instance:CreditCard.C23889_NonMemberUserNeedToKnowMaxAndMinCreditLimit@38ae61]" name="C23889_NonMemberUserNeedToKnowMaxAndMinCreditLimit" duration-ms="24805" started-at="2020-01-13T17:52:00Z" finished-at="2020-01-13T17:52:24Z">
          <reporter-output>
          </reporter-output>
        </test-method> <!-- C23889_NonMemberUserNeedToKnowMaxAndMinCreditLimit -->
        <test-method status="PASS" signature="afterMethod(org.testng.ITestResult)[pri:0, instance:CreditCard.C23889_NonMemberUserNeedToKnowMaxAndMinCreditLimit@38ae61]" name="afterMethod" is-config="true" duration-ms="0" started-at="2020-01-13T17:52:24Z" finished-at="2020-01-13T17:52:24Z">
          <params>
            <param index="0">
              <value>
                <![CDATA[[TestResult name=C23889_NonMemberUserNeedToKnowMaxAndMinCreditLimit status=SUCCESS method=C23889_NonMemberUserNeedToKnowMaxAndMinCreditLimit.C23889_NonMemberUserNeedToKnowMaxAndMinCreditLimit()[pri:0, instance:CreditCard.C23889_NonMemberUserNeedToKnowMaxAndMinCreditLimit@38ae61] output={null}]]]>
              </value>
            </param>
          </params>
          <reporter-output>
          </reporter-output>
        </test-method> <!-- afterMethod -->
        <test-method status="PASS" signature="tearDown()[pri:0, instance:CreditCard.C23889_NonMemberUserNeedToKnowMaxAndMinCreditLimit@38ae61]" name="tearDown" is-config="true" duration-ms="1072" started-at="2020-01-13T17:52:24Z" finished-at="2020-01-13T17:52:25Z">
          <reporter-output>
          </reporter-output>
        </test-method> <!-- tearDown -->
      </class> <!-- CreditCard.C23889_NonMemberUserNeedToKnowMaxAndMinCreditLimit -->
    </test> <!-- C23889_NonMemberUserNeedToKnowMaxAndMinCreditLimit -->
    <test name="C23890_NonMemberUserMustEnterTypeAndLimit" duration-ms="44357" started-at="2020-01-13T17:52:25Z" finished-at="2020-01-13T17:53:10Z">
      <class name="CreditCard.C23890_NonMemberUserMustEnterTypeAndLimit">
        <test-method status="PASS" signature="setUp()[pri:0, instance:CreditCard.C23890_NonMemberUserMustEnterTypeAndLimit@127bd23]" name="setUp" is-config="true" duration-ms="10174" started-at="2020-01-13T17:52:25Z" finished-at="2020-01-13T17:52:36Z">
          <reporter-output>
          </reporter-output>
        </test-method> <!-- setUp -->
        <test-method status="PASS" signature="C23890_NonMemberUserMustEnterTypeAndLimit()[pri:0, instance:CreditCard.C23890_NonMemberUserMustEnterTypeAndLimit@127bd23]" name="C23890_NonMemberUserMustEnterTypeAndLimit" duration-ms="33038" started-at="2020-01-13T17:52:36Z" finished-at="2020-01-13T17:53:09Z">
          <reporter-output>
          </reporter-output>
        </test-method> <!-- C23890_NonMemberUserMustEnterTypeAndLimit -->
        <test-method status="PASS" signature="afterMethod(org.testng.ITestResult)[pri:0, instance:CreditCard.C23890_NonMemberUserMustEnterTypeAndLimit@127bd23]" name="afterMethod" is-config="true" duration-ms="0" started-at="2020-01-13T17:53:09Z" finished-at="2020-01-13T17:53:09Z">
          <params>
            <param index="0">
              <value>
                <![CDATA[[TestResult name=C23890_NonMemberUserMustEnterTypeAndLimit status=SUCCESS method=C23890_NonMemberUserMustEnterTypeAndLimit.C23890_NonMemberUserMustEnterTypeAndLimit()[pri:0, instance:CreditCard.C23890_NonMemberUserMustEnterTypeAndLimit@127bd23] output={null}]]]>
              </value>
            </param>
          </params>
          <reporter-output>
          </reporter-output>
        </test-method> <!-- afterMethod -->
        <test-method status="PASS" signature="tearDown()[pri:0, instance:CreditCard.C23890_NonMemberUserMustEnterTypeAndLimit@127bd23]" name="tearDown" is-config="true" duration-ms="1142" started-at="2020-01-13T17:53:09Z" finished-at="2020-01-13T17:53:10Z">
          <reporter-output>
          </reporter-output>
        </test-method> <!-- tearDown -->
      </class> <!-- CreditCard.C23890_NonMemberUserMustEnterTypeAndLimit -->
    </test> <!-- C23890_NonMemberUserMustEnterTypeAndLimit -->
  </suite> <!-- Credit Card -->
</testng-results>
