<?xml version="1.0" encoding="UTF-8"?>
<testng-results skipped="0" failed="0" total="1" passed="1">
  <reporter-output>
  </reporter-output>
  <suite name="Default suite" duration-ms="47794" started-at="2019-12-20T21:26:41Z" finished-at="2019-12-20T21:27:29Z">
    <groups>
    </groups>
    <test name="Default test" duration-ms="47794" started-at="2019-12-20T21:26:41Z" finished-at="2019-12-20T21:27:29Z">
      <class name="JointOwser_Beneficiaries.C24332_NonMemberBeneficiaryPersonalLoanRole">
        <test-method status="PASS" signature="setUp()[pri:0, instance:JointOwser_Beneficiaries.C24332_NonMemberBeneficiaryPersonalLoanRole@224edc67]" name="setUp" is-config="true" duration-ms="15852" started-at="2019-12-20T15:26:41Z" finished-at="2019-12-20T15:26:57Z">
          <reporter-output>
          </reporter-output>
        </test-method> <!-- setUp -->
        <test-method status="PASS" signature="C24332_NonMemberBeneficiaryPersonalLoanRole()[pri:0, instance:JointOwser_Beneficiaries.C24332_NonMemberBeneficiaryPersonalLoanRole@224edc67]" name="C24332_NonMemberBeneficiaryPersonalLoanRole" duration-ms="31917" started-at="2019-12-20T15:26:57Z" finished-at="2019-12-20T15:27:29Z">
          <reporter-output>
          </reporter-output>
        </test-method> <!-- C24332_NonMemberBeneficiaryPersonalLoanRole -->
      </class> <!-- JointOwser_Beneficiaries.C24332_NonMemberBeneficiaryPersonalLoanRole -->
    </test> <!-- Default test -->
  </suite> <!-- Default suite -->
</testng-results>
