<?xml version="1.0" encoding="UTF-8"?>
<!-- Generated by org.testng.reporters.JUnitXMLReporter -->
<testsuite hostname="LAPTOP-1F0JMU93" ignored="0" name="Default test" tests="1" failures="0" timestamp="19 Dec 2019 19:39:15 GMT" time="40.975" errors="0">
  <testcase name="C23941_NonMemberUserShouldFillEntireApplicantFormMustBeCompletedBeforeProccedWithAddBeneFiciaries" time="27.795" classname="JointOwser_Beneficiaries.C23941_NonMemberUserShouldFillEntireApplicantFormMustBeCompletedBeforeProccedWithAddBeneFiciaries"/>
</testsuite> <!-- Default test -->
