<?xml version="1.0" encoding="UTF-8"?>
<!-- Generated by org.testng.reporters.JUnitXMLReporter -->
<testsuite hostname="LAPTOP-1F0JMU93" ignored="0" name="Default test" tests="1" failures="0" timestamp="20 Dec 2019 19:53:11 GMT" time="88.336" errors="0">
  <testcase name="C23945_NonMemberUserCanAddMultipleBeneficiariesToTheApplicationForm" time="74.711" classname="JointOwser_Beneficiaries.C23945_NonMemberUserCanAddMultipleBeneficiariesToTheApplicationForm"/>
</testsuite> <!-- Default test -->
