<?xml version="1.0" encoding="UTF-8"?>
<!-- Generated by org.testng.reporters.JUnitXMLReporter -->
<testsuite hostname="sravyakarthik" ignored="0" name="C23413_VerifySingleTransactionInActivityCenter Test Cases" tests="1" failures="0" timestamp="20 Jun 2019 17:36:00 GMT" time="78.658" errors="0">
  <testcase name="C23413_VerifySingleTransactionInActivityCenter" time="12.632" classname="com.testcases.C23413_VerifySingleTransactionInActivityCenter"/>
</testsuite> <!-- C23413_VerifySingleTransactionInActivityCenter Test Cases -->
