<?xml version="1.0" encoding="UTF-8"?>
<!-- Generated by org.testng.reporters.JUnitXMLReporter -->
<testsuite hostname="sravyakarthik" ignored="0" name="C23496_VerifyMoreThanLineOfCreditAmountTransfer Test Cases" tests="1" failures="0" timestamp="20 Jun 2019 17:37:20 GMT" time="80.749" errors="0">
  <testcase name="C23496_VerifyMoreThanLineOfCreditAmountTransfer" time="11.114" classname="com.testcases.C23496_VerifyMoreThanLineOfCreditAmountTransfer"/>
</testsuite> <!-- C23496_VerifyMoreThanLineOfCreditAmountTransfer Test Cases -->
