<?xml version="1.0" encoding="UTF-8"?>
<!-- Generated by org.testng.reporters.JUnitXMLReporter -->
<testsuite hostname="sravyakarthik" ignored="0" name="C23414_VerifyRecurringTransactionInActivityCenter Test Cases" tests="1" failures="0" timestamp="20 Jun 2019 17:38:58 GMT" time="97.561" errors="0">
  <testcase name="C23414_VerifyRecurringTransactionInActivityCenter" time="32.985" classname="com.testcases.C23414_VerifyRecurringTransactionInActivityCenter"/>
</testsuite> <!-- C23414_VerifyRecurringTransactionInActivityCenter Test Cases -->
