<?xml version="1.0" encoding="UTF-8"?>
<!-- Generated by org.testng.reporters.JUnitXMLReporter -->
<testsuite hostname="sravyakarthik" ignored="0" name="C23621_VerifyActivityCenterSearchFilter Test Cases" tests="1" failures="0" timestamp="20 Jun 2019 17:41:33 GMT" time="80.145" errors="0">
  <testcase name="C23621_VerifyActivityCenterSearchFilter" time="13.575" classname="com.testcases.C23621_VerifyActivityCenterSearchFilter"/>
</testsuite> <!-- C23621_VerifyActivityCenterSearchFilter Test Cases -->
